{

  "init": "4",
  "goal": "0",
  "nodes" : {
    "0": {
      "expected_successor": false,
      "action": "---",
      "state": "0x10f42c0",
      "distance": 0,
      "is_relevant": 1,
      "is_goal": 1,
      "is_sc": 1,
      "successors": [

       ]
    },
    "1": {
      "expected_successor": "0",
      "action": "done num5",
      "state": "0x10f9000",
      "distance": 1,
      "is_relevant": 0,
      "is_goal": 0,
      "is_sc": 1,
      "successors": [
        {
            "outcome_label": "done num5",
            "successor_id": "0"
        }
       ]
    },
    "2": {
      "expected_successor": "1",
      "action": "substract_one num6 num5 num5",
      "state": "0x10fc9f0",
      "distance": 2,
      "is_relevant": 0,
      "is_goal": 0,
      "is_sc": 1,
      "successors": [
        {
            "outcome_label": "substract_one num6 num5 num5",
            "successor_id": "1"
        }
       ]
    },
    "3": {
      "expected_successor": "2",
      "action": "multiple_oneof num3 num6 num9 num5",
      "state": "0x10fcb00",
      "distance": 3,
      "is_relevant": 0,
      "is_goal": 0,
      "is_sc": 1,
      "successors": [
        {
            "outcome_label": "multiple_oneof_DETDUP_1 num3 num6 num9 num5",
            "successor_id": "2"
        },
        {
            "outcome_label": "multiple_oneof_DETDUP_2 num3 num6 num9 num5",
            "successor_id": "7"
        }
       ]
    },
    "4": {
      "expected_successor": "3",
      "action": "add_oneof num0 num1 num2 num3 num5",
      "state": "0x10fcc10",
      "distance": 4,
      "is_relevant": 0,
      "is_goal": 0,
      "is_sc": 1,
      "successors": [
        {
            "outcome_label": "add_oneof_DETDUP_1 num0 num1 num2 num3 num5",
            "successor_id": "10"
        },
        {
            "outcome_label": "add_oneof_DETDUP_2 num0 num1 num2 num3 num5",
            "successor_id": "8"
        },
        {
            "outcome_label": "add_oneof_DETDUP_3 num0 num1 num2 num3 num5",
            "successor_id": "3"
        }
       ]
    },
    "6": {
      "expected_successor": "5",
      "action": "substract_one num8 num7 num5",
      "state": "0x10fdd00",
      "distance": 4,
      "is_relevant": 0,
      "is_goal": 0,
      "is_sc": 1,
      "successors": [
        {
            "outcome_label": "substract_one num8 num7 num5",
            "successor_id": "5"
        }
       ]
    },
    "7": {
      "expected_successor": "6",
      "action": "substract_one num9 num8 num5",
      "state": "0x10fde20",
      "distance": 5,
      "is_relevant": 0,
      "is_goal": 0,
      "is_sc": 1,
      "successors": [
        {
            "outcome_label": "substract_one num9 num8 num5",
            "successor_id": "6"
        }
       ]
    },
    "5": {
      "expected_successor": "2",
      "action": "substract_one num7 num6 num5",
      "state": "0x10fe2c0",
      "distance": 3,
      "is_relevant": 0,
      "is_goal": 0,
      "is_sc": 1,
      "successors": [
        {
            "outcome_label": "substract_one num7 num6 num5",
            "successor_id": "2"
        }
       ]
    },
    "8": {
      "expected_successor": "3",
      "action": "add_oneof num2 num3 num4 num5 num5",
      "state": "0x10ff220",
      "distance": 4,
      "is_relevant": 0,
      "is_goal": 0,
      "is_sc": 1,
      "successors": [
        {
            "outcome_label": "add_oneof_DETDUP_1 num2 num3 num4 num5 num5",
            "successor_id": "3"
        },
        {
            "outcome_label": "add_oneof_DETDUP_2 num2 num3 num4 num5 num5",
            "successor_id": "9"
        },
        {
            "outcome_label": "add_oneof_DETDUP_3 num2 num3 num4 num5 num5",
            "successor_id": "1"
        }
       ]
    },
    "9": {
      "expected_successor": "1",
      "action": "add_oneof num4 num5 num6 num7 num5",
      "state": "0x1101be0",
      "distance": 2,
      "is_relevant": 0,
      "is_goal": 0,
      "is_sc": 1,
      "successors": [
        {
            "outcome_label": "add_oneof_DETDUP_1 num4 num5 num6 num7 num5",
            "successor_id": "1"
        },
        {
            "outcome_label": "add_oneof_DETDUP_2 num4 num5 num6 num7 num5",
            "successor_id": "2"
        },
        {
            "outcome_label": "add_oneof_DETDUP_3 num4 num5 num6 num7 num5",
            "successor_id": "5"
        }
       ]
    },
    "10": {
      "expected_successor": "3",
      "action": "multiple_oneof num1 num2 num3 num5",
      "state": "0x1102630",
      "distance": 4,
      "is_relevant": 0,
      "is_goal": 0,
      "is_sc": 1,
      "successors": [
        {
            "outcome_label": "multiple_oneof_DETDUP_1 num1 num2 num3 num5",
            "successor_id": "8"
        },
        {
            "outcome_label": "multiple_oneof_DETDUP_2 num1 num2 num3 num5",
            "successor_id": "3"
        }
       ]
    }
  },
  "edges" : [
      ["1", ">", "0"],
      ["2", ">", "1"],
      ["3", ">", "2"],
      ["3", ">", "7"],
      ["4", ">", "10"],
      ["4", ">", "8"],
      ["4", ">", "3"],
      ["6", ">", "5"],
      ["7", ">", "6"],
      ["5", ">", "2"],
      ["8", ">", "3"],
      ["8", ">", "9"],
      ["8", ">", "1"],
      ["9", ">", "1"],
      ["9", ">", "2"],
      ["9", ">", "5"],
      ["10", ">", "8"],
      ["10", ">", "3"]
  ],
  "states" : {
    "0x10f42c0": [
      "Atom done()"
    ],
    "0x10f9000": [
      "Atom current_num(num5)"
    ],
    "0x10fc9f0": [
      "Atom current_num(num6)"
    ],
    "0x10fcb00": [
      "Atom current_num(num3)"
    ],
    "0x10fcc10": [
      "Atom current_num(num0)"
    ],
    "0x10fdd00": [
      "Atom current_num(num8)"
    ],
    "0x10fde20": [
      "Atom current_num(num9)"
    ],
    "0x10fe2c0": [
      "Atom current_num(num7)"
    ],
    "0x10ff220": [
      "Atom current_num(num2)"
    ],
    "0x1101be0": [
      "Atom current_num(num4)"
    ],
    "0x1102630": [
      "Atom current_num(num1)"
    ]
   }
}